<?xml version="1.0" encoding="UTF-8"?>
<!-- Generated by org.testng.reporters.JUnitReportReporter -->
<testsuite hostname="LAPTOP-6VTAT1TF" failures="0" tests="1" name="SampleProject" time="14.896" errors="0" timestamp="2022-06-15T15:11:30 IST" skipped="0">
  <testcase classname="SampleProject" name="application" time="14.896"/>
  <system-out/>
</testsuite> <!-- SampleProject -->
